<?xml version="1.0" encoding="UTF-8"?>
<!-- Generated by org.testng.reporters.JUnitReportReporter -->
<testsuite hostname="DESKTOP-C84JI4A" failures="0" tests="5" name="Tests.Testcases.UserRegistrationTest" time="78.720" errors="0" timestamp="2024-06-11T02:52:20 BDT" skipped="0">
  <testcase classname="Tests.Testcases.UserRegistrationTest" name="testToVerifyRegistration" time="15.787"/>
  <testcase classname="Tests.Testcases.UserRegistrationTest" name="testToVerifyRegistration" time="14.878"/>
  <testcase classname="Tests.Testcases.UserRegistrationTest" name="testToVerifyRegistration" time="15.935"/>
  <testcase classname="Tests.Testcases.UserRegistrationTest" name="testToVerifyRegistration" time="15.209"/>
  <testcase classname="Tests.Testcases.UserRegistrationTest" name="testToVerifyRegistration" time="16.911"/>
</testsuite> <!-- Tests.Testcases.UserRegistrationTest -->
