<?xml version="1.0" encoding="UTF-8"?>
<!-- Generated by org.testng.reporters.JUnitReportReporter -->
<testsuite hostname="DESKTOP-C84JI4A" failures="0" tests="5" name="Tests.Testcases.UserRegistrationTest" time="58.707" errors="0" timestamp="2024-05-04T18:45:38 BDT" skipped="0">
  <testcase classname="Tests.Testcases.UserRegistrationTest" name="testToVerifyRegistration" time="9.898"/>
  <testcase classname="Tests.Testcases.UserRegistrationTest" name="testToVerifyRegistration" time="14.612"/>
  <testcase classname="Tests.Testcases.UserRegistrationTest" name="testToVerifyRegistration" time="11.807"/>
  <testcase classname="Tests.Testcases.UserRegistrationTest" name="testToVerifyRegistration" time="10.978"/>
  <testcase classname="Tests.Testcases.UserRegistrationTest" name="testToVerifyRegistration" time="11.412"/>
</testsuite> <!-- Tests.Testcases.UserRegistrationTest -->
